<?xml version="1.0" encoding="UTF-8"?>
<!-- Generated by org.testng.reporters.JUnitReportReporter -->
<testsuite hostname="KARTIK-LENOVO" failures="0" tests="1" name="vTiger_TestCase.TC_04" time="34.394" errors="0" timestamp="2022-02-05T16:38:07 IST" skipped="0">
  <testcase classname="vTiger_TestCase.TC_04" name="CreatePurchaseOrderWithItem" time="34.394"/>
  <system-out>
Purchase Page Title displayed successfully  </system-out>
</testsuite> <!-- vTiger_TestCase.TC_04 -->
