<?xml version="1.0" encoding="UTF-8"?>
<!-- Generated by org.testng.reporters.JUnitReportReporter -->
<testsuite hostname="KARTIK-LENOVO" failures="0" tests="1" name="vTiger_TestCase.TC_02Test" time="25.058" errors="0" timestamp="2022-02-07T10:26:41 IST" skipped="0">
  <testcase classname="vTiger_TestCase.TC_02Test" name="CreatePurchaseOrderWithVendorName" time="25.058"/>
  <system-out>
Purchase Page Title displayed successfully  </system-out>
</testsuite> <!-- vTiger_TestCase.TC_02Test -->
