<?xml version="1.0" encoding="UTF-8"?>
<!-- Generated by org.testng.reporters.JUnitReportReporter -->
<testsuite hostname="KARTIK-LENOVO" failures="0" tests="1" name="mavenTest.uberEatsTest" time="8.037" errors="0" timestamp="2022-02-03T17:23:19 IST" skipped="0">
  <testcase classname="mavenTest.uberEatsTest" name="LaunchUberEatsBrw" time="8.037"/>
  <system-out/>
</testsuite> <!-- mavenTest.uberEatsTest -->
