<?xml version="1.0" encoding="UTF-8"?>
<!-- Generated by org.testng.reporters.JUnitReportReporter -->
<testsuite hostname="KARTIK-LENOVO" failures="0" tests="1" name="vTiger_TestCase.TC_01" time="24.005" errors="0" timestamp="2022-02-05T11:36:44 IST" skipped="0">
  <testcase classname="vTiger_TestCase.TC_01" name="CreatePurchaseOrder" time="24.005"/>
  <system-out>
Purchase Page Title displayed successfully  </system-out>
</testsuite> <!-- vTiger_TestCase.TC_01 -->
