<?xml version="1.0" encoding="UTF-8"?>
<!-- Generated by org.testng.reporters.JUnitReportReporter -->
<testsuite hostname="KARTIK-LENOVO" failures="0" tests="1" name="vTiger_TestCase.TC_05" time="16.216" errors="0" timestamp="2022-02-05T17:27:51 IST" skipped="0">
  <testcase classname="vTiger_TestCase.TC_05" name="CreatePurchaseOrderWithItemAndAddProduct" time="16.216"/>
  <system-out>
Purchase Page Title displayed successfully  </system-out>
</testsuite> <!-- vTiger_TestCase.TC_05 -->
