<?xml version="1.0" encoding="UTF-8"?>
<!-- Generated by org.testng.reporters.JUnitReportReporter -->
<testsuite hostname="KARTIK-LENOVO" failures="0" tests="1" name="vTiger_TestCase.TC_03Test" time="28.509" errors="0" timestamp="2022-02-07T10:27:35 IST" skipped="0">
  <testcase classname="vTiger_TestCase.TC_03Test" name="CreatePurchaseOrderWithVendorNameFromVendorModule" time="28.509"/>
  <system-out/>
</testsuite> <!-- vTiger_TestCase.TC_03Test -->
