<?xml version="1.0" encoding="UTF-8"?>
<!-- Generated by org.testng.reporters.JUnitReportReporter -->
<testsuite hostname="KARTIK-LENOVO" failures="0" tests="1" name="vTiger_TestCase.TC_03" time="26.754" errors="0" timestamp="2022-02-05T15:20:26 IST" skipped="0">
  <testcase classname="vTiger_TestCase.TC_03" name="CreatePurchaseOrderWithVendorNameFromVendorModule" time="26.754"/>
  <system-out/>
</testsuite> <!-- vTiger_TestCase.TC_03 -->
